<?xml version="1.0" encoding="UTF-8" ?>
<testsuite errors="0" failures="0" hostname="DESKTOP-0QGG0CJ" name="com.tekdays.TekEventSpec" tests="1" time="2.315" timestamp="2017-10-15T06:09:25">
  <properties />
  <testcase classname="com.tekdays.TekEventSpec" name="test toString" time="2.297" />
  <system-out><![CDATA[--Output from test toString--
]]></system-out>
  <system-err><![CDATA[--Output from test toString--
]]></system-err>
</testsuite>
